2025-12-31 00:39:04,359:WARNING:
'cuml' is a soft dependency and not included in the pycaret installation. Please run: `pip install cuml` to install.
2025-12-31 00:39:04,360:WARNING:
'cuml' is a soft dependency and not included in the pycaret installation. Please run: `pip install cuml` to install.
2025-12-31 00:39:04,360:WARNING:
'cuml' is a soft dependency and not included in the pycaret installation. Please run: `pip install cuml` to install.
2025-12-31 00:39:04,360:WARNING:
'cuml' is a soft dependency and not included in the pycaret installation. Please run: `pip install cuml` to install.
2025-12-31 00:39:07,024:INFO:PyCaret ClusteringExperiment
2025-12-31 00:39:07,024:INFO:Logging name: cluster-default-name
2025-12-31 00:39:07,025:INFO:ML Usecase: MLUsecase.CLUSTERING
2025-12-31 00:39:07,025:INFO:version 3.3.2
2025-12-31 00:39:07,025:INFO:Initializing setup()
2025-12-31 00:39:07,025:INFO:self.USI: d65a
2025-12-31 00:39:07,025:INFO:self._variable_keys: {'seed', 'gpu_param', '_ml_usecase', 'data', 'logging_param', 'log_plots_param', 'exp_id', 'pipeline', 'html_param', 'exp_name_log', 'memory', '_available_plots', 'X', 'gpu_n_jobs_param', 'USI', 'idx', 'n_jobs_param'}
2025-12-31 00:39:07,025:INFO:Checking environment
2025-12-31 00:39:07,025:INFO:python_version: 3.11.14
2025-12-31 00:39:07,025:INFO:python_build: ('main', 'Oct 28 2025 12:11:26')
2025-12-31 00:39:07,025:INFO:machine: x86_64
2025-12-31 00:39:07,028:INFO:platform: Linux-5.15.153.1-microsoft-standard-WSL2-x86_64-with-glibc2.39
2025-12-31 00:39:07,028:INFO:Memory: svmem(total=16695459840, available=15677124608, percent=6.1, used=1018335232, free=14469656576, active=200429568, inactive=1416585216, buffers=92155904, cached=1459183616, shared=3264512, slab=341991424)
2025-12-31 00:39:07,029:INFO:Physical Core: 4
2025-12-31 00:39:07,029:INFO:Logical Core: 8
2025-12-31 00:39:07,029:INFO:Checking libraries
2025-12-31 00:39:07,029:INFO:System:
2025-12-31 00:39:07,029:INFO:    python: 3.11.14 (main, Oct 28 2025, 12:11:26) [Clang 20.1.4 ]
2025-12-31 00:39:07,029:INFO:executable: /home/wojciech_wladzinski/uni/ASI/Music-Genre-Clustering/.venv/bin/python3
2025-12-31 00:39:07,029:INFO:   machine: Linux-5.15.153.1-microsoft-standard-WSL2-x86_64-with-glibc2.39
2025-12-31 00:39:07,029:INFO:PyCaret required dependencies:
2025-12-31 00:39:07,030:WARNING:/home/wojciech_wladzinski/uni/ASI/Music-Genre-Clustering/.venv/lib/python3.11/site-packages/_distutils_hack/__init__.py:30: UserWarning: Setuptools is replacing distutils. Support for replacing an already imported distutils is deprecated. In the future, this condition will fail. Register concerns at https://github.com/pypa/setuptools/issues/new?template=distutils-deprecation.yml
  warnings.warn(

2025-12-31 00:39:07,154:INFO:                 pip: Not installed
2025-12-31 00:39:07,154:INFO:          setuptools: 80.9.0
2025-12-31 00:39:07,155:INFO:             pycaret: 3.3.2
2025-12-31 00:39:07,155:INFO:             IPython: 9.7.0
2025-12-31 00:39:07,155:INFO:          ipywidgets: 8.1.8
2025-12-31 00:39:07,155:INFO:                tqdm: 4.67.1
2025-12-31 00:39:07,155:INFO:               numpy: 1.26.4
2025-12-31 00:39:07,155:INFO:              pandas: 2.1.4
2025-12-31 00:39:07,155:INFO:              jinja2: 3.1.6
2025-12-31 00:39:07,155:INFO:               scipy: 1.11.4
2025-12-31 00:39:07,155:INFO:              joblib: 1.3.2
2025-12-31 00:39:07,155:INFO:             sklearn: 1.4.2
2025-12-31 00:39:07,155:INFO:                pyod: 2.0.6
2025-12-31 00:39:07,155:INFO:            imblearn: 0.12.4
2025-12-31 00:39:07,155:INFO:   category_encoders: 2.7.0
2025-12-31 00:39:07,155:INFO:            lightgbm: 4.6.0
2025-12-31 00:39:07,155:INFO:               numba: 0.63.1
2025-12-31 00:39:07,155:INFO:            requests: 2.32.5
2025-12-31 00:39:07,155:INFO:          matplotlib: 3.7.5
2025-12-31 00:39:07,155:INFO:          scikitplot: 0.3.7
2025-12-31 00:39:07,155:INFO:         yellowbrick: 1.5
2025-12-31 00:39:07,155:INFO:              plotly: 5.24.1
2025-12-31 00:39:07,156:INFO:    plotly-resampler: Not installed
2025-12-31 00:39:07,156:INFO:             kaleido: 1.2.0
2025-12-31 00:39:07,156:INFO:           schemdraw: 0.15
2025-12-31 00:39:07,156:INFO:         statsmodels: 0.14.6
2025-12-31 00:39:07,156:INFO:              sktime: 0.26.0
2025-12-31 00:39:07,156:INFO:               tbats: 1.1.3
2025-12-31 00:39:07,156:INFO:            pmdarima: 2.0.4
2025-12-31 00:39:07,156:INFO:              psutil: 7.1.3
2025-12-31 00:39:07,156:INFO:          markupsafe: 3.0.3
2025-12-31 00:39:07,156:INFO:             pickle5: Not installed
2025-12-31 00:39:07,156:INFO:         cloudpickle: 3.1.2
2025-12-31 00:39:07,156:INFO:         deprecation: 2.1.0
2025-12-31 00:39:07,156:INFO:              xxhash: 3.6.0
2025-12-31 00:39:07,156:INFO:           wurlitzer: 3.1.1
2025-12-31 00:39:07,156:INFO:PyCaret optional dependencies:
2025-12-31 00:39:09,761:INFO:                shap: Not installed
2025-12-31 00:39:09,762:INFO:           interpret: Not installed
2025-12-31 00:39:09,762:INFO:                umap: Not installed
2025-12-31 00:39:09,762:INFO:     ydata_profiling: Not installed
2025-12-31 00:39:09,762:INFO:  explainerdashboard: Not installed
2025-12-31 00:39:09,762:INFO:             autoviz: Not installed
2025-12-31 00:39:09,762:INFO:           fairlearn: Not installed
2025-12-31 00:39:09,762:INFO:          deepchecks: Not installed
2025-12-31 00:39:09,762:INFO:             xgboost: Not installed
2025-12-31 00:39:09,762:INFO:            catboost: Not installed
2025-12-31 00:39:09,762:INFO:              kmodes: Not installed
2025-12-31 00:39:09,762:INFO:             mlxtend: Not installed
2025-12-31 00:39:09,762:INFO:       statsforecast: Not installed
2025-12-31 00:39:09,762:INFO:        tune_sklearn: Not installed
2025-12-31 00:39:09,762:INFO:                 ray: Not installed
2025-12-31 00:39:09,762:INFO:            hyperopt: Not installed
2025-12-31 00:39:09,762:INFO:              optuna: Not installed
2025-12-31 00:39:09,762:INFO:               skopt: Not installed
2025-12-31 00:39:09,762:INFO:              mlflow: Not installed
2025-12-31 00:39:09,762:INFO:              gradio: Not installed
2025-12-31 00:39:09,762:INFO:             fastapi: 0.124.4
2025-12-31 00:39:09,762:INFO:             uvicorn: 0.38.0
2025-12-31 00:39:09,762:INFO:              m2cgen: Not installed
2025-12-31 00:39:09,762:INFO:           evidently: Not installed
2025-12-31 00:39:09,762:INFO:               fugue: Not installed
2025-12-31 00:39:09,762:INFO:           streamlit: Not installed
2025-12-31 00:39:09,762:INFO:             prophet: Not installed
2025-12-31 00:39:09,762:INFO:None
2025-12-31 00:39:09,762:INFO:Set up data.
2025-12-31 00:39:09,768:INFO:Set up index.
2025-12-31 00:39:09,768:INFO:Assigning column types.
2025-12-31 00:39:09,771:INFO:Engine successfully changes for model 'kmeans' to 'sklearn'.
2025-12-31 00:39:09,771:INFO:Engine for model 'dbscan' has not been set explicitly, hence returning None.
2025-12-31 00:39:09,771:WARNING:
'kmodes' is a soft dependency and not included in the pycaret installation. Please run: `pip install kmodes` to install.
Alternately, you can install this by running `pip install pycaret[models]`
2025-12-31 00:39:09,771:INFO:Engine for model 'dbscan' has not been set explicitly, hence returning None.
2025-12-31 00:39:09,772:WARNING:
'kmodes' is a soft dependency and not included in the pycaret installation. Please run: `pip install kmodes` to install.
Alternately, you can install this by running `pip install pycaret[models]`
2025-12-31 00:39:09,772:INFO:Engine successfully changes for model 'dbscan' to 'sklearn'.
2025-12-31 00:39:09,772:WARNING:
'kmodes' is a soft dependency and not included in the pycaret installation. Please run: `pip install kmodes` to install.
Alternately, you can install this by running `pip install pycaret[models]`
2025-12-31 00:39:09,772:WARNING:
'kmodes' is a soft dependency and not included in the pycaret installation. Please run: `pip install kmodes` to install.
Alternately, you can install this by running `pip install pycaret[models]`
2025-12-31 00:39:09,775:INFO:Preparing preprocessing pipeline...
2025-12-31 00:39:09,775:INFO:Set up simple imputation.
2025-12-31 00:39:09,775:INFO:Set up feature normalization.
2025-12-31 00:39:09,799:INFO:Finished creating preprocessing pipeline.
2025-12-31 00:39:09,807:INFO:Pipeline: Pipeline(memory=FastMemory(location=/tmp/joblib),
         steps=[('numerical_imputer',
                 TransformerWrapper(include=['Beats Per Minute (BPM)',
                                             'Loudness (dB)', 'Liveness',
                                             'Valence', 'Acousticness',
                                             'Speechiness'],
                                    transformer=SimpleImputer())),
                ('categorical_imputer',
                 TransformerWrapper(include=[],
                                    transformer=SimpleImputer(strategy='most_frequent'))),
                ('normalize',
                 TransformerWrapper(transformer=StandardScaler()))])
2025-12-31 00:39:09,807:INFO:Creating final display dataframe.
2025-12-31 00:39:09,833:INFO:Setup _display_container:                Description                 Value
0               Session id                   123
1      Original data shape             (1994, 6)
2   Transformed data shape             (1994, 6)
3         Numeric features                     6
4               Preprocess                  True
5          Imputation type                simple
6       Numeric imputation                  mean
7   Categorical imputation                  mode
8                Normalize                  True
9         Normalize method                zscore
10                CPU Jobs                    -1
11                 Use GPU                 False
12          Log Experiment                 False
13         Experiment Name  cluster-default-name
14                     USI                  d65a
2025-12-31 00:39:09,838:WARNING:
'kmodes' is a soft dependency and not included in the pycaret installation. Please run: `pip install kmodes` to install.
Alternately, you can install this by running `pip install pycaret[models]`
2025-12-31 00:39:09,838:WARNING:
'kmodes' is a soft dependency and not included in the pycaret installation. Please run: `pip install kmodes` to install.
Alternately, you can install this by running `pip install pycaret[models]`
2025-12-31 00:39:09,839:INFO:setup() successfully completed in 2.82s...............
2025-12-31 00:39:09,839:INFO:Initializing create_model()
2025-12-31 00:39:09,839:INFO:create_model(self=<pycaret.clustering.oop.ClusteringExperiment object at 0x7fd0a7ee58d0>, estimator=kmeans, num_clusters=5, fraction=0.05, ground_truth=None, round=4, fit_kwargs=None, experiment_custom_tags=None, verbose=True, system=True, add_to_model_list=True, raise_num_clusters=False, display=None, kwargs={})
2025-12-31 00:39:09,839:INFO:Checking exceptions
2025-12-31 00:39:09,856:INFO:Importing untrained model
2025-12-31 00:39:09,857:INFO:K-Means Clustering Imported successfully
2025-12-31 00:39:09,858:INFO:Fitting Model
2025-12-31 00:39:10,087:INFO:KMeans(n_clusters=5, random_state=123)
2025-12-31 00:39:10,087:INFO:create_models() successfully completed......................................
2025-12-31 00:39:10,088:INFO:Uploading results into container
2025-12-31 00:39:10,089:INFO:Uploading model into container now
2025-12-31 00:39:10,098:INFO:_master_model_container: 1
2025-12-31 00:39:10,098:INFO:_display_container: 2
2025-12-31 00:39:10,098:INFO:KMeans(n_clusters=5, random_state=123)
2025-12-31 00:39:10,098:INFO:create_model() successfully completed......................................
2025-12-31 00:39:10,203:INFO:Initializing assign_model()
2025-12-31 00:39:10,203:INFO:assign_model(self=<pycaret.clustering.oop.ClusteringExperiment object at 0x7fd0a7ee58d0>, model=KMeans(n_clusters=5, random_state=123), transformation=False, score=True, verbose=True)
2025-12-31 00:39:10,203:INFO:Checking exceptions
2025-12-31 00:39:10,203:INFO:Determining Trained Model
2025-12-31 00:39:10,203:INFO:Trained Model : K-Means Clustering
2025-12-31 00:39:10,203:INFO:Copying data
2025-12-31 00:39:10,206:INFO:(1994, 7)
2025-12-31 00:39:10,206:INFO:assign_model() successfully completed......................................
2025-12-31 00:39:10,216:INFO:Initializing predict_model()
2025-12-31 00:39:10,216:INFO:predict_model(self=<pycaret.clustering.oop.ClusteringExperiment object at 0x7fd0a7ee58d0>, estimator=      Beats Per Minute (BPM)  Loudness (dB)  Liveness  Valence  Acousticness  Speechiness    Cluster
0                        157            -14        11       68            94            3  Cluster 3
1                        135            -11        17       81            17            7  Cluster 1
2                        168             -9         7       52             2           17  Cluster 2
3                        173             -4         3       37             0            4  Cluster 0
4                        106             -5        10       87             1            3  Cluster 1
...                      ...            ...       ...      ...           ...          ...        ...
1989                      94            -12        11       72            84            7  Cluster 3
1990                     175             -8        76       95            73            6  Cluster 4
1991                     168             -9        31       97            74            7  Cluster 1
1992                     174            -13         7       60            54            4  Cluster 3
1993                     133            -10        16       83            74            3  Cluster 1

[1994 rows x 7 columns], ml_usecase=None)
2025-12-31 00:46:10,897:WARNING:
'cuml' is a soft dependency and not included in the pycaret installation. Please run: `pip install cuml` to install.
2025-12-31 00:46:10,897:WARNING:
'cuml' is a soft dependency and not included in the pycaret installation. Please run: `pip install cuml` to install.
2025-12-31 00:46:10,897:WARNING:
'cuml' is a soft dependency and not included in the pycaret installation. Please run: `pip install cuml` to install.
2025-12-31 00:46:10,897:WARNING:
'cuml' is a soft dependency and not included in the pycaret installation. Please run: `pip install cuml` to install.
2025-12-31 00:46:11,631:INFO:PyCaret ClusteringExperiment
2025-12-31 00:46:11,631:INFO:Logging name: cluster-default-name
2025-12-31 00:46:11,632:INFO:ML Usecase: MLUsecase.CLUSTERING
2025-12-31 00:46:11,632:INFO:version 3.3.2
2025-12-31 00:46:11,632:INFO:Initializing setup()
2025-12-31 00:46:11,632:INFO:self.USI: ac70
2025-12-31 00:46:11,632:INFO:self._variable_keys: {'seed', 'log_plots_param', 'html_param', 'X', '_ml_usecase', 'n_jobs_param', 'data', 'USI', 'idx', 'memory', 'exp_id', 'exp_name_log', 'gpu_param', '_available_plots', 'pipeline', 'gpu_n_jobs_param', 'logging_param'}
2025-12-31 00:46:11,632:INFO:Checking environment
2025-12-31 00:46:11,632:INFO:python_version: 3.11.14
2025-12-31 00:46:11,632:INFO:python_build: ('main', 'Oct 28 2025 12:11:26')
2025-12-31 00:46:11,632:INFO:machine: x86_64
2025-12-31 00:46:11,634:INFO:platform: Linux-5.15.153.1-microsoft-standard-WSL2-x86_64-with-glibc2.39
2025-12-31 00:46:11,634:INFO:Memory: svmem(total=16695459840, available=15706443776, percent=5.9, used=989016064, free=14168932352, active=572915712, inactive=1336016896, buffers=99151872, cached=1782194176, shared=3264512, slab=354136064)
2025-12-31 00:46:11,635:INFO:Physical Core: 4
2025-12-31 00:46:11,635:INFO:Logical Core: 8
2025-12-31 00:46:11,635:INFO:Checking libraries
2025-12-31 00:46:11,635:INFO:System:
2025-12-31 00:46:11,635:INFO:    python: 3.11.14 (main, Oct 28 2025, 12:11:26) [Clang 20.1.4 ]
2025-12-31 00:46:11,635:INFO:executable: /home/wojciech_wladzinski/uni/ASI/Music-Genre-Clustering/.venv/bin/python3
2025-12-31 00:46:11,635:INFO:   machine: Linux-5.15.153.1-microsoft-standard-WSL2-x86_64-with-glibc2.39
2025-12-31 00:46:11,635:INFO:PyCaret required dependencies:
2025-12-31 00:46:11,636:WARNING:/home/wojciech_wladzinski/uni/ASI/Music-Genre-Clustering/.venv/lib/python3.11/site-packages/_distutils_hack/__init__.py:30: UserWarning: Setuptools is replacing distutils. Support for replacing an already imported distutils is deprecated. In the future, this condition will fail. Register concerns at https://github.com/pypa/setuptools/issues/new?template=distutils-deprecation.yml
  warnings.warn(

2025-12-31 00:46:11,667:INFO:                 pip: Not installed
2025-12-31 00:46:11,667:INFO:          setuptools: 80.9.0
2025-12-31 00:46:11,667:INFO:             pycaret: 3.3.2
2025-12-31 00:46:11,667:INFO:             IPython: 9.7.0
2025-12-31 00:46:11,667:INFO:          ipywidgets: 8.1.8
2025-12-31 00:46:11,667:INFO:                tqdm: 4.67.1
2025-12-31 00:46:11,668:INFO:               numpy: 1.26.4
2025-12-31 00:46:11,668:INFO:              pandas: 2.1.4
2025-12-31 00:46:11,668:INFO:              jinja2: 3.1.6
2025-12-31 00:46:11,668:INFO:               scipy: 1.11.4
2025-12-31 00:46:11,668:INFO:              joblib: 1.3.2
2025-12-31 00:46:11,668:INFO:             sklearn: 1.4.2
2025-12-31 00:46:11,668:INFO:                pyod: 2.0.6
2025-12-31 00:46:11,668:INFO:            imblearn: 0.12.4
2025-12-31 00:46:11,668:INFO:   category_encoders: 2.7.0
2025-12-31 00:46:11,668:INFO:            lightgbm: 4.6.0
2025-12-31 00:46:11,668:INFO:               numba: 0.63.1
2025-12-31 00:46:11,668:INFO:            requests: 2.32.5
2025-12-31 00:46:11,668:INFO:          matplotlib: 3.7.5
2025-12-31 00:46:11,668:INFO:          scikitplot: 0.3.7
2025-12-31 00:46:11,668:INFO:         yellowbrick: 1.5
2025-12-31 00:46:11,668:INFO:              plotly: 5.24.1
2025-12-31 00:46:11,668:INFO:    plotly-resampler: Not installed
2025-12-31 00:46:11,668:INFO:             kaleido: 1.2.0
2025-12-31 00:46:11,668:INFO:           schemdraw: 0.15
2025-12-31 00:46:11,668:INFO:         statsmodels: 0.14.6
2025-12-31 00:46:11,668:INFO:              sktime: 0.26.0
2025-12-31 00:46:11,668:INFO:               tbats: 1.1.3
2025-12-31 00:46:11,668:INFO:            pmdarima: 2.0.4
2025-12-31 00:46:11,668:INFO:              psutil: 7.1.3
2025-12-31 00:46:11,668:INFO:          markupsafe: 3.0.3
2025-12-31 00:46:11,668:INFO:             pickle5: Not installed
2025-12-31 00:46:11,668:INFO:         cloudpickle: 3.1.2
2025-12-31 00:46:11,668:INFO:         deprecation: 2.1.0
2025-12-31 00:46:11,668:INFO:              xxhash: 3.6.0
2025-12-31 00:46:11,668:INFO:           wurlitzer: 3.1.1
2025-12-31 00:46:11,668:INFO:PyCaret optional dependencies:
2025-12-31 00:46:12,153:INFO:                shap: Not installed
2025-12-31 00:46:12,154:INFO:           interpret: Not installed
2025-12-31 00:46:12,154:INFO:                umap: Not installed
2025-12-31 00:46:12,154:INFO:     ydata_profiling: Not installed
2025-12-31 00:46:12,154:INFO:  explainerdashboard: Not installed
2025-12-31 00:46:12,154:INFO:             autoviz: Not installed
2025-12-31 00:46:12,154:INFO:           fairlearn: Not installed
2025-12-31 00:46:12,154:INFO:          deepchecks: Not installed
2025-12-31 00:46:12,154:INFO:             xgboost: Not installed
2025-12-31 00:46:12,154:INFO:            catboost: Not installed
2025-12-31 00:46:12,154:INFO:              kmodes: Not installed
2025-12-31 00:46:12,154:INFO:             mlxtend: Not installed
2025-12-31 00:46:12,154:INFO:       statsforecast: Not installed
2025-12-31 00:46:12,154:INFO:        tune_sklearn: Not installed
2025-12-31 00:46:12,154:INFO:                 ray: Not installed
2025-12-31 00:46:12,154:INFO:            hyperopt: Not installed
2025-12-31 00:46:12,154:INFO:              optuna: Not installed
2025-12-31 00:46:12,154:INFO:               skopt: Not installed
2025-12-31 00:46:12,154:INFO:              mlflow: Not installed
2025-12-31 00:46:12,154:INFO:              gradio: Not installed
2025-12-31 00:46:12,154:INFO:             fastapi: 0.124.4
2025-12-31 00:46:12,154:INFO:             uvicorn: 0.38.0
2025-12-31 00:46:12,154:INFO:              m2cgen: Not installed
2025-12-31 00:46:12,154:INFO:           evidently: Not installed
2025-12-31 00:46:12,154:INFO:               fugue: Not installed
2025-12-31 00:46:12,154:INFO:           streamlit: Not installed
2025-12-31 00:46:12,154:INFO:             prophet: Not installed
2025-12-31 00:46:12,154:INFO:None
2025-12-31 00:46:12,154:INFO:Set up data.
2025-12-31 00:46:12,158:INFO:Set up index.
2025-12-31 00:46:12,158:INFO:Assigning column types.
2025-12-31 00:46:12,161:INFO:Engine successfully changes for model 'kmeans' to 'sklearn'.
2025-12-31 00:46:12,161:INFO:Engine for model 'dbscan' has not been set explicitly, hence returning None.
2025-12-31 00:46:12,161:WARNING:
'kmodes' is a soft dependency and not included in the pycaret installation. Please run: `pip install kmodes` to install.
Alternately, you can install this by running `pip install pycaret[models]`
2025-12-31 00:46:12,161:INFO:Engine for model 'dbscan' has not been set explicitly, hence returning None.
2025-12-31 00:46:12,161:WARNING:
'kmodes' is a soft dependency and not included in the pycaret installation. Please run: `pip install kmodes` to install.
Alternately, you can install this by running `pip install pycaret[models]`
2025-12-31 00:46:12,161:INFO:Engine successfully changes for model 'dbscan' to 'sklearn'.
2025-12-31 00:46:12,162:WARNING:
'kmodes' is a soft dependency and not included in the pycaret installation. Please run: `pip install kmodes` to install.
Alternately, you can install this by running `pip install pycaret[models]`
2025-12-31 00:46:12,162:WARNING:
'kmodes' is a soft dependency and not included in the pycaret installation. Please run: `pip install kmodes` to install.
Alternately, you can install this by running `pip install pycaret[models]`
2025-12-31 00:46:12,163:INFO:Preparing preprocessing pipeline...
2025-12-31 00:46:12,163:INFO:Set up simple imputation.
2025-12-31 00:46:12,164:INFO:Set up feature normalization.
2025-12-31 00:46:12,190:INFO:Finished creating preprocessing pipeline.
2025-12-31 00:46:12,197:INFO:Pipeline: Pipeline(memory=FastMemory(location=/tmp/joblib),
         steps=[('numerical_imputer',
                 TransformerWrapper(include=['Beats Per Minute (BPM)',
                                             'Loudness (dB)', 'Liveness',
                                             'Valence', 'Acousticness',
                                             'Speechiness'],
                                    transformer=SimpleImputer())),
                ('categorical_imputer',
                 TransformerWrapper(include=[],
                                    transformer=SimpleImputer(strategy='most_frequent'))),
                ('normalize',
                 TransformerWrapper(transformer=StandardScaler()))])
2025-12-31 00:46:12,197:INFO:Creating final display dataframe.
2025-12-31 00:46:12,220:INFO:Setup _display_container:                Description                 Value
0               Session id                   123
1      Original data shape             (1994, 6)
2   Transformed data shape             (1994, 6)
3         Numeric features                     6
4               Preprocess                  True
5          Imputation type                simple
6       Numeric imputation                  mean
7   Categorical imputation                  mode
8                Normalize                  True
9         Normalize method                zscore
10                CPU Jobs                    -1
11                 Use GPU                 False
12          Log Experiment                 False
13         Experiment Name  cluster-default-name
14                     USI                  ac70
2025-12-31 00:46:12,224:WARNING:
'kmodes' is a soft dependency and not included in the pycaret installation. Please run: `pip install kmodes` to install.
Alternately, you can install this by running `pip install pycaret[models]`
2025-12-31 00:46:12,225:WARNING:
'kmodes' is a soft dependency and not included in the pycaret installation. Please run: `pip install kmodes` to install.
Alternately, you can install this by running `pip install pycaret[models]`
2025-12-31 00:46:12,225:INFO:setup() successfully completed in 0.59s...............
2025-12-31 00:46:12,225:INFO:Initializing create_model()
2025-12-31 00:46:12,225:INFO:create_model(self=<pycaret.clustering.oop.ClusteringExperiment object at 0x7f5ee0920fd0>, estimator=kmeans, num_clusters=5, fraction=0.05, ground_truth=None, round=4, fit_kwargs=None, experiment_custom_tags=None, verbose=True, system=True, add_to_model_list=True, raise_num_clusters=False, display=None, kwargs={})
2025-12-31 00:46:12,225:INFO:Checking exceptions
2025-12-31 00:46:12,247:INFO:Importing untrained model
2025-12-31 00:46:12,248:INFO:K-Means Clustering Imported successfully
2025-12-31 00:46:12,249:INFO:Fitting Model
2025-12-31 00:46:12,550:INFO:KMeans(n_clusters=5, random_state=123)
2025-12-31 00:46:12,551:INFO:create_models() successfully completed......................................
2025-12-31 00:46:12,551:INFO:Uploading results into container
2025-12-31 00:46:12,552:INFO:Uploading model into container now
2025-12-31 00:46:12,558:INFO:_master_model_container: 1
2025-12-31 00:46:12,558:INFO:_display_container: 2
2025-12-31 00:46:12,558:INFO:KMeans(n_clusters=5, random_state=123)
2025-12-31 00:46:12,558:INFO:create_model() successfully completed......................................
2025-12-31 00:46:12,684:INFO:Initializing assign_model()
2025-12-31 00:46:12,684:INFO:assign_model(self=<pycaret.clustering.oop.ClusteringExperiment object at 0x7f5ee0920fd0>, model=KMeans(n_clusters=5, random_state=123), transformation=False, score=True, verbose=True)
2025-12-31 00:46:12,684:INFO:Checking exceptions
2025-12-31 00:46:12,684:INFO:Determining Trained Model
2025-12-31 00:46:12,684:INFO:Trained Model : K-Means Clustering
2025-12-31 00:46:12,684:INFO:Copying data
2025-12-31 00:46:12,686:INFO:(1994, 7)
2025-12-31 00:46:12,687:INFO:assign_model() successfully completed......................................
2025-12-31 00:46:12,687:INFO:Initializing predict_model()
2025-12-31 00:46:12,687:INFO:predict_model(self=<pycaret.clustering.oop.ClusteringExperiment object at 0x7f5ee0920fd0>, estimator=KMeans(n_clusters=5, random_state=123), ml_usecase=None)
2025-12-31 00:46:12,712:INFO:Initializing save_model()
2025-12-31 00:46:12,712:INFO:save_model(model=KMeans(n_clusters=5, random_state=123), model_name=/home/wojciech_wladzinski/uni/ASI/Music-Genre-Clustering/models/best-model, prep_pipe_=Pipeline(memory=FastMemory(location=/tmp/joblib),
         steps=[('numerical_imputer',
                 TransformerWrapper(include=['Beats Per Minute (BPM)',
                                             'Loudness (dB)', 'Liveness',
                                             'Valence', 'Acousticness',
                                             'Speechiness'],
                                    transformer=SimpleImputer())),
                ('categorical_imputer',
                 TransformerWrapper(include=[],
                                    transformer=SimpleImputer(strategy='most_frequent'))),
                ('normalize',
                 TransformerWrapper(transformer=StandardScaler()))]), verbose=True, use_case=MLUsecase.CLUSTERING, kwargs={})
2025-12-31 00:46:12,712:INFO:Adding model into prep_pipe
2025-12-31 00:46:12,716:INFO:/home/wojciech_wladzinski/uni/ASI/Music-Genre-Clustering/models/best-model.pkl saved in current working directory
2025-12-31 00:46:12,724:INFO:Pipeline(memory=Memory(location=None),
         steps=[('numerical_imputer',
                 TransformerWrapper(include=['Beats Per Minute (BPM)',
                                             'Loudness (dB)', 'Liveness',
                                             'Valence', 'Acousticness',
                                             'Speechiness'],
                                    transformer=SimpleImputer())),
                ('categorical_imputer',
                 TransformerWrapper(include=[],
                                    transformer=SimpleImputer(strategy='most_frequent'))),
                ('normalize', TransformerWrapper(transformer=StandardScaler())),
                ('trained_model', KMeans(n_clusters=5, random_state=123))])
2025-12-31 00:46:12,724:INFO:save_model() successfully completed......................................
